debug1: OpenSSH_10.0p2 Debian-7, OpenSSL 3.5.4 30 Sep 2025
debug1: Reading configuration data /etc/ssh/ssh_config
debug1: Reading configuration data /etc/ssh/ssh_config.d/20-systemd-ssh-proxy.conf
debug1: /etc/ssh/ssh_config line 21: Applying options for *
debug1: Connecting to 84.247.139.51 [84.247.139.51] port 22.
debug1: Connection established.
debug1: identity file /home/matti/.ssh/id_rsa type -1
debug1: identity file /home/matti/.ssh/id_rsa-cert type -1
debug1: identity file /home/matti/.ssh/id_ecdsa type -1
debug1: identity file /home/matti/.ssh/id_ecdsa-cert type -1
debug1: identity file /home/matti/.ssh/id_ecdsa_sk type -1
debug1: identity file /home/matti/.ssh/id_ecdsa_sk-cert type -1
debug1: identity file /home/matti/.ssh/id_ed25519 type -1
debug1: identity file /home/matti/.ssh/id_ed25519-cert type -1
debug1: identity file /home/matti/.ssh/id_ed25519_sk type -1
debug1: identity file /home/matti/.ssh/id_ed25519_sk-cert type -1
debug1: identity file /home/matti/.ssh/id_xmss type -1
debug1: identity file /home/matti/.ssh/id_xmss-cert type -1
debug1: Local version string SSH-2.0-OpenSSH_10.0p2 Debian-7
debug1: Remote protocol version 2.0, remote software version OpenSSH_10.0p2 Debian-7
debug1: compat_banner: match: OpenSSH_10.0p2 Debian-7 pat OpenSSH* compat 0x04000000
debug1: Authenticating to 84.247.139.51:22 as 'root'
debug1: load_hostkeys: fopen /home/matti/.ssh/known_hosts2: No such file or directory
debug1: load_hostkeys: fopen /etc/ssh/ssh_known_hosts: No such file or directory
debug1: load_hostkeys: fopen /etc/ssh/ssh_known_hosts2: No such file or directory
debug1: SSH2_MSG_KEXINIT sent
debug1: SSH2_MSG_KEXINIT received
debug1: kex: algorithm: mlkem768x25519-sha256
debug1: kex: host key algorithm: ssh-ed25519
debug1: kex: server->client cipher: chacha20-poly1305@openssh.com MAC: <implicit> compression: none
debug1: kex: client->server cipher: chacha20-poly1305@openssh.com MAC: <implicit> compression: none
debug1: expecting SSH2_MSG_KEX_ECDH_REPLY
debug1: SSH2_MSG_KEX_ECDH_REPLY received
debug1: Server host key: ssh-ed25519 SHA256:rMzcMdZYgE7lcYHOf2isbE461vBhPSsn8wrTXAQFSI0
debug1: load_hostkeys: fopen /home/matti/.ssh/known_hosts2: No such file or directory
debug1: load_hostkeys: fopen /etc/ssh/ssh_known_hosts: No such file or directory
debug1: load_hostkeys: fopen /etc/ssh/ssh_known_hosts2: No such file or directory
debug1: Host '84.247.139.51' is known and matches the ED25519 host key.
debug1: Found key in /home/matti/.ssh/known_hosts:102
debug1: ssh_packet_send2_wrapped: resetting send seqnr 3
debug1: rekey out after 134217728 blocks
debug1: SSH2_MSG_NEWKEYS sent
debug1: Sending SSH2_MSG_EXT_INFO
debug1: expecting SSH2_MSG_NEWKEYS
debug1: ssh_packet_read_poll2: resetting read seqnr 3
debug1: SSH2_MSG_NEWKEYS received
debug1: rekey in after 134217728 blocks
debug1: SSH2_MSG_EXT_INFO received
debug1: kex_ext_info_client_parse: server-sig-algs=<ssh-ed25519,ecdsa-sha2-nistp256,ecdsa-sha2-nistp384,ecdsa-sha2-nistp521,sk-ssh-ed25519@openssh.com,sk-ecdsa-sha2-nistp256@openssh.com,rsa-sha2-512,rsa-sha2-256>
debug1: kex_ext_info_check_ver: publickey-hostbound@openssh.com=<0>
debug1: kex_ext_info_check_ver: ping@openssh.com=<0>
debug1: SSH2_MSG_SERVICE_ACCEPT received
в•”в•җв•җв•җв•җв•җв•җв•җв•җв•җв•җв•җв•җв•җв•җв•җв•җв•җв•җв•җв•җв•җв•җв•җв•җв•җв•җв•җв•җв•җв•җв•җв•җв•җв•җв•җв•җв•җв•җв•җв•җв•җв•җв•җв•җв•җв•җв•җв•җв•җв•җв•җв•җв•җв•җв•җв•җв•җв•җв•җв•—
в•‘                  AUTHORIZED ACCESS ONLY                   в•‘
в•‘                                                           в•‘
в•‘              в–Ҳв–Ҳв–Ҳв–Ҳв–Ҳв–Ҳв•— в–Ҳв–Ҳв–Ҳв–Ҳв–Ҳв–Ҳв–Ҳв•—в–Ҳв–Ҳв•—     в–Ҳв–Ҳв–Ҳв–Ҳв–Ҳв–Ҳв•—  в–Ҳв–Ҳв–Ҳв–Ҳв–Ҳв–Ҳв•—    в•‘
в•‘              в–Ҳв–Ҳв•”в•җв•җв–Ҳв–Ҳв•—в–Ҳв–Ҳв•”в•җв•җв•җв•җв•қв–Ҳв–Ҳв•‘     в–Ҳв–Ҳв•”в•җв•җв–Ҳв–Ҳв•—в–Ҳв–Ҳв•”в•җв•җв•җв–Ҳв–Ҳв•—   в•‘
в•‘              в–Ҳв–Ҳв•‘  в–Ҳв–Ҳв•‘в–Ҳв–Ҳв–Ҳв–Ҳв–Ҳв•—  в–Ҳв–Ҳв•‘     в–Ҳв–Ҳв•‘  в–Ҳв–Ҳв•‘в–Ҳв–Ҳв•‘   в–Ҳв–Ҳв•‘   в•‘
в•‘              в–Ҳв–Ҳв•‘  в–Ҳв–Ҳв•‘в–Ҳв–Ҳв•”в•җв•җв•қ  в–Ҳв–Ҳв•‘     в–Ҳв–Ҳв•‘  в–Ҳв–Ҳв•‘в–Ҳв–Ҳв•‘   в–Ҳв–Ҳв•‘   в•‘
в•‘              в–Ҳв–Ҳв–Ҳв–Ҳв–Ҳв–Ҳв•”в•қв–Ҳв–Ҳв–Ҳв–Ҳв–Ҳв–Ҳв–Ҳв•—в–Ҳв–Ҳв–Ҳв–Ҳв–Ҳв–Ҳв–Ҳв•—в–Ҳв–Ҳв–Ҳв–Ҳв–Ҳв–Ҳв•”в•қв•ҡв–Ҳв–Ҳв–Ҳв–Ҳв–Ҳв–Ҳв•”в•қ   в•‘
в•‘              в•ҡв•җв•җв•җв•җв•җв•қ в•ҡв•җв•җв•җв•җв•җв•җв•қв•ҡв•җв•җв•җв•җв•җв•җв•қв•ҡв•җв•җв•җв•җв•җв•қ  в•ҡв•җв•җв•җв•җв•җв•қ    в•‘
в•‘                                                           в•‘
в•‘                    deldown Linux Server                   в•‘
в•‘              All connections are monitored and logged     в•‘
в•‘                                                           в•‘
в•ҡв•җв•җв•җв•җв•җв•җв•җв•җв•җв•җв•җв•җв•җв•җв•җв•җв•җв•җв•җв•җв•җв•җв•җв•җв•җв•җв•җв•җв•җв•җв•җв•җв•җв•җв•җв•җв•җв•җв•җв•җв•җв•җв•җв•җв•җв•җв•җв•җв•җв•җв•җв•җв•җв•җв•җв•җв•җв•җв•җв•қ
debug1: SSH2_MSG_EXT_INFO received
debug1: kex_ext_info_client_parse: server-sig-algs=<ssh-ed25519,ecdsa-sha2-nistp256,ecdsa-sha2-nistp384,ecdsa-sha2-nistp521,sk-ssh-ed25519@openssh.com,sk-ecdsa-sha2-nistp256@openssh.com,rsa-sha2-512,rsa-sha2-256>
debug1: Authentications that can continue: publickey,password,keyboard-interactive
debug1: Next authentication method: publickey
debug1: get_agent_identities: bound agent to hostkey
debug1: get_agent_identities: ssh_fetch_identitylist: agent contains no identities
debug1: Will attempt key: /home/matti/.ssh/id_rsa 
debug1: Will attempt key: /home/matti/.ssh/id_ecdsa 
debug1: Will attempt key: /home/matti/.ssh/id_ecdsa_sk 
debug1: Will attempt key: /home/matti/.ssh/id_ed25519 
debug1: Will attempt key: /home/matti/.ssh/id_ed25519_sk 
debug1: Will attempt key: /home/matti/.ssh/id_xmss 
debug1: Trying private key: /home/matti/.ssh/id_rsa
debug1: Trying private key: /home/matti/.ssh/id_ecdsa
debug1: Trying private key: /home/matti/.ssh/id_ecdsa_sk
debug1: Trying private key: /home/matti/.ssh/id_ed25519
debug1: Trying private key: /home/matti/.ssh/id_ed25519_sk
debug1: Trying private key: /home/matti/.ssh/id_xmss
debug1: Next authentication method: keyboard-interactive
debug1: Authentications that can continue: publickey,password,keyboard-interactive
